<?xml version="1.0" encoding="UTF-8"?>
<testng-results skipped="0" failed="0" ignored="0" total="1" passed="1">
  <reporter-output>
  </reporter-output>
  <suite name="Default suite" duration-ms="21489" started-at="2020-02-23T16:32:11 IST" finished-at="2020-02-23T16:32:33 IST">
    <groups>
    </groups>
    <test name="Default test" duration-ms="21489" started-at="2020-02-23T16:32:11 IST" finished-at="2020-02-23T16:32:33 IST">
      <class name="Testcases.LoginApp">
        <test-method status="PASS" signature="login()[pri:0, instance:Testcases.LoginApp@56235b8e]" name="login" duration-ms="21372" started-at="2020-02-23T16:32:11 IST" finished-at="2020-02-23T16:32:33 IST">
          <reporter-output>
          </reporter-output>
        </test-method> <!-- login -->
      </class> <!-- Testcases.LoginApp -->
    </test> <!-- Default test -->
  </suite> <!-- Default suite -->
</testng-results>
